\BOOKMARK [1][-]{section.1}{\376\377\133\236\232\214\124\015\171\360}{}% 1
\BOOKMARK [1][-]{section.2}{\376\377\133\236\232\214\166\356\166\204}{}% 2
\BOOKMARK [1][-]{section.3}{\376\377\133\236\232\214\121\205\133\271}{}% 3
\BOOKMARK [1][-]{section.4}{\376\377\121\306\131\007\167\345\213\306}{}% 4
\BOOKMARK [2][-]{subsection.4.1}{\376\377\217\333\172\013\143\247\122\066\127\127\377\010\000P\000C\000B\377\011}{section.4}% 5
\BOOKMARK [2][-]{subsection.4.2}{\376\377\217\333\172\013\166\204\127\372\147\054\162\266\140\001}{section.4}% 6
\BOOKMARK [2][-]{subsection.4.3}{\376\377\217\333\172\013\143\247\122\066\116\073\211\201\123\237\213\355}{section.4}% 7
\BOOKMARK [2][-]{subsection.4.4}{\376\377\217\333\172\013\214\003\136\246\173\227\154\325}{section.4}% 8
\BOOKMARK [2][-]{subsection.4.5}{\376\377\121\205\133\130\122\006\221\115\173\126\165\145\123\312\133\371\136\224\166\204\145\160\143\156\176\323\147\204}{section.4}% 9
\BOOKMARK [1][-]{section.5}{\376\377\133\236\232\214\213\276\213\241}{}% 10
\BOOKMARK [2][-]{subsection.5.1}{\376\377\172\013\136\217\213\276\213\241\213\355\212\000}{section.5}% 11
\BOOKMARK [2][-]{subsection.5.2}{\376\377\217\333\172\013\214\003\136\246\124\214\121\205\133\130\122\006\221\115\173\126\165\145\220\011\142\351}{section.5}% 12
\BOOKMARK [3][-]{subsubsection.5.2.1}{\376\377\000F\000C\000F\000S\173\126\165\145}{subsection.5.2}% 13
\BOOKMARK [3][-]{subsubsection.5.2.2}{\376\377\123\357\123\330\122\006\123\072\122\006\221\115\173\126\165\145}{subsection.5.2}% 14
\BOOKMARK [2][-]{subsection.5.3}{\376\377\145\160\143\156\176\323\147\204\213\276\213\241}{section.5}% 15
\BOOKMARK [3][-]{subsubsection.5.3.1}{\376\377\217\333\172\013\143\247\122\066\127\127\000P\000C\000B}{subsection.5.3}% 16
\BOOKMARK [3][-]{subsubsection.5.3.2}{\376\377\201\352\165\061\121\205\133\130\122\006\123\072\210\150}{subsection.5.3}% 17
\BOOKMARK [3][-]{subsubsection.5.3.3}{\376\377\162\266\140\001\170\001\143\245\123\343}{subsection.5.3}% 18
\BOOKMARK [2][-]{subsection.5.4}{\376\377\116\073\211\201\174\173\213\276\213\241}{section.5}% 19
\BOOKMARK [3][-]{subsubsection.5.4.1}{\376\377\121\205\133\130\173\241\164\006\174\173}{subsection.5.4}% 20
\BOOKMARK [3][-]{subsubsection.5.4.2}{\376\377\000P\000C\000B\173\241\164\006\174\173}{subsection.5.4}% 21
\BOOKMARK [3][-]{subsubsection.5.4.3}{\376\377\217\333\172\013\173\241\164\006\174\173}{subsection.5.4}% 22
\BOOKMARK [3][-]{subsubsection.5.4.4}{\376\377\217\333\172\013\214\003\136\246\174\173}{subsection.5.4}% 23
\BOOKMARK [3][-]{subsubsection.5.4.5}{\376\377\143\247\122\066\123\360\174\173}{subsection.5.4}% 24
\BOOKMARK [1][-]{section.6}{\376\377\217\320\210\114\176\323\147\234}{}% 25
\BOOKMARK [2][-]{subsection.6.1}{\376\377\122\035\131\313\217\320\210\114\165\114\227\142}{section.6}% 26
\BOOKMARK [2][-]{subsection.6.2}{\376\377\122\033\136\372\217\333\172\013}{section.6}% 27
\BOOKMARK [2][-]{subsection.6.3}{\376\377\000P\000C\000B\060\001\000C\000P\000U\156\341\215\037\203\167\217\320\210\114}{section.6}% 28
\BOOKMARK [2][-]{subsection.6.4}{\376\377\144\244\225\000\217\333\172\013}{section.6}% 29
\BOOKMARK [2][-]{subsection.6.5}{\376\377\226\073\130\136\217\333\172\013}{section.6}% 30
\BOOKMARK [2][-]{subsection.6.6}{\376\377\125\044\221\222\217\333\172\013}{section.6}% 31
\BOOKMARK [2][-]{subsection.6.7}{\376\377\146\076\171\072\121\205\133\130\162\266\140\001}{section.6}% 32
\BOOKMARK [1][-]{section.7}{\376\377\140\073\176\323\116\016\145\066\203\267}{}% 33
\BOOKMARK [1][-]{section.8}{\376\377\226\104\137\125}{}% 34
\BOOKMARK [2][-]{subsection.8.1}{\376\377\000P\000r\000o\000p\000e\000r\000t\000i\000e\000s\123\005}{section.8}% 35
\BOOKMARK [3][-]{subsubsection.8.1.1}{\376\377\000F\000r\000e\000e\000B\000l\000o\000c\000k\000.\000j\000a\000v\000a}{subsection.8.1}% 36
\BOOKMARK [3][-]{subsubsection.8.1.2}{\376\377\000P\000C\000B\000.\000j\000a\000v\000a}{subsection.8.1}% 37
\BOOKMARK [3][-]{subsubsection.8.1.3}{\376\377\000S\000t\000a\000t\000e\000s\000.\000j\000a\000v\000a}{subsection.8.1}% 38
\BOOKMARK [2][-]{subsection.8.2}{\376\377\000S\000e\000r\000v\000i\000c\000e\123\005}{section.8}% 39
\BOOKMARK [3][-]{subsubsection.8.2.1}{\376\377\000M\000a\000n\000a\000g\000e\000M\000e\000m\000o\000r\000y\000.\000j\000a\000v\000a}{subsection.8.2}% 40
\BOOKMARK [3][-]{subsubsection.8.2.2}{\376\377\000M\000a\000n\000a\000g\000e\000P\000C\000B\000.\000j\000a\000v\000a}{subsection.8.2}% 41
\BOOKMARK [3][-]{subsubsection.8.2.3}{\376\377\000M\000a\000n\000a\000g\000e\000P\000r\000o\000c\000e\000s\000s\000.\000j\000a\000v\000a}{subsection.8.2}% 42
\BOOKMARK [3][-]{subsubsection.8.2.4}{\376\377\000P\000r\000o\000c\000e\000s\000s\000.\000j\000a\000v\000a}{subsection.8.2}% 43
\BOOKMARK [3][-]{subsubsection.8.2.5}{\376\377\000S\000c\000h\000d\000u\000l\000e\000r\000.\000j\000a\000v\000a}{subsection.8.2}% 44
\BOOKMARK [2][-]{subsection.8.3}{\376\377\000V\000i\000e\000w\123\005}{section.8}% 45
\BOOKMARK [3][-]{subsubsection.8.3.1}{\376\377\000C\000o\000n\000s\000o\000l\000e\000.\000j\000a\000v\000a}{subsection.8.3}% 46
